#
# There is insufficient memory for the Java Runtime Environment to continue.
# Native memory allocation (mmap) failed to map 266338304 bytes for Failed to commit area from 0x0000000702800000 to 0x0000000712600000 of length 266338304.
# Possible reasons:
#   The system is out of physical RAM or swap space
#   The process is running with CompressedOops enabled, and the Java Heap may be blocking the growth of the native heap
# Possible solutions:
#   Reduce memory load on the system
#   Increase physical memory or swap space
#   Check if swap backing store is full
#   Decrease Java heap size (-Xmx/-Xms)
#   Decrease number of Java threads
#   Decrease Java thread stack sizes (-Xss)
#   Set larger code cache with -XX:ReservedCodeCacheSize=
# This output file may be truncated or incomplete.
#
#  Out of Memory Error (./src/hotspot/os/windows/os_windows.cpp:3619), pid=25816, tid=28588
#
# JRE version:  (11.0.13) (build )
# Java VM: OpenJDK 64-Bit Server VM (11.0.13+0-b1751.21-8125866, mixed mode, sharing, tiered, compressed oops, g1 gc, windows-amd64)
# No core dump will be written. Minidumps are not enabled by default on client versions of Windows
#

---------------  S U M M A R Y ------------

Command Line: org.jetbrains.kotlin.cli.jvm.K2JVMCompiler @C:\Users\Gevano Randhi Pilko\Downloads\Telegram Desktop\Cat Care Gallery\CatCare\app\build\20221210_15432765881287611227.compiler.options

Host: Intel(R) Core(TM) i7-10870H CPU @ 2.20GHz, 16 cores, 15G,  Windows 11 , 64 bit Build 22621 (10.0.22621.755)
Time: Sat Dec 10 06:42:01 2022 SE Asia Standard Time elapsed time: 0.013410 seconds (0d 0h 0m 0s)

---------------  T H R E A D  ---------------

Current thread (0x0000028250d9b000):  JavaThread "Unknown thread" [_thread_in_vm, id=28588, stack(0x000000a248000000,0x000000a248100000)]

Stack: [0x000000a248000000,0x000000a248100000]
Native frames: (J=compiled Java code, j=interpreted, Vv=VM code, C=native code)
V  [jvm.dll+0x6100fa]
V  [jvm.dll+0x747090]
V  [jvm.dll+0x7486ad]
V  [jvm.dll+0x748d83]
V  [jvm.dll+0x24ab48]
V  [jvm.dll+0x60d164]
V  [jvm.dll+0x601e75]
V  [jvm.dll+0x308bdb]
V  [jvm.dll+0x308b4a]
V  [jvm.dll+0x308a22]
V  [jvm.dll+0x30d986]
V  [jvm.dll+0x357093]
V  [jvm.dll+0x357796]
V  [jvm.dll+0x357193]
V  [jvm.dll+0x2e3448]
V  [jvm.dll+0x2e45f7]
V  [jvm.dll+0x7242e7]
V  [jvm.dll+0x725adc]
V  [jvm.dll+0x364629]
V  [jvm.dll+0x707cee]
V  [jvm.dll+0x3d2633]
V  [jvm.dll+0x3d4a21]
C  [jli.dll+0x536b]
C  [ucrtbase.dll+0x29363]
C  [KERNEL32.DLL+0x1244d]
C  [ntdll.dll+0x5dfb8]


---------------  P R O C E S S  ---------------

Threads class SMR info:
_java_thread_list=0x0000028250cbb700, length=0, elements={
}

Java Threads: ( => current thread )

Other Threads:
  0x0000028252f01000 GCTaskThread "GC Thread#0" [stack: 0x000000a248100000,0x000000a248200000] [id=32512]
  0x0000028252f5f000 ConcurrentGCThread "G1 Main Marker" [stack: 0x000000a248200000,0x000000a248300000] [id=22672]
  0x0000028252f62800 ConcurrentGCThread "G1 Conc#0" [stack: 0x000000a248300000,0x000000a248400000] [id=28768]

[error occurred during error reporting (printing all threads), id 0xc0000005, EXCEPTION_ACCESS_VIOLATION (0xc0000005) at pc=0x00007fff0edc3dd7]

VM state:not at safepoint (not fully initialized)

VM Mutex/Monitor currently owned by a thread:  ([mutex/lock_event])
[0x0000028252eea2d0] Heap_lock - owner thread: 0x0000028250d9b000

Heap address: 0x0000000702800000, size: 4056 MB, Compressed Oops mode: Non-zero based: 0x0000000702800000
Narrow klass base: 0x0000000000000000, Narrow klass shift: 0

GC Heap History (0 events):
No events

Deoptimization events (0 events):
No events

Classes redefined (0 events):
No events

Internal exceptions (0 events):
No events

Events (1 events):
Event: 0.009 Loaded shared library C:\Program Files\Android\Android Studio\jre\bin\zip.dll


Dynamic libraries:
0x00007ff716380000 - 0x00007ff71638a000 	C:\Program Files\Android\Android Studio\jre\bin\java.exe
0x00007fff87570000 - 0x00007fff87784000 	C:\Windows\SYSTEM32\ntdll.dll
0x00007fff86c10000 - 0x00007fff86cd2000 	C:\Windows\System32\KERNEL32.DLL
0x00007fff84c90000 - 0x00007fff8502d000 	C:\Windows\System32\KERNELBASE.dll
0x00007fff84b70000 - 0x00007fff84c81000 	C:\Windows\System32\ucrtbase.dll
0x00007fff7fc40000 - 0x00007fff7fc59000 	C:\Program Files\Android\Android Studio\jre\bin\jli.dll
0x00007fff716a0000 - 0x00007fff716b7000 	C:\Program Files\Android\Android Studio\jre\bin\VCRUNTIME140.dll
0x00007fff867c0000 - 0x00007fff8696a000 	C:\Windows\System32\USER32.dll
0x00007fff85340000 - 0x00007fff85366000 	C:\Windows\System32\win32u.dll
0x00007fff83ba0000 - 0x00007fff83e2e000 	C:\Windows\WinSxS\amd64_microsoft.windows.common-controls_6595b64144ccf1df_6.0.22621.608_none_a9444ca7c10bb01d\COMCTL32.dll
0x00007fff862e0000 - 0x00007fff86309000 	C:\Windows\System32\GDI32.dll
0x00007fff872e0000 - 0x00007fff87387000 	C:\Windows\System32\msvcrt.dll
0x00007fff851a0000 - 0x00007fff852b2000 	C:\Windows\System32\gdi32full.dll
0x00007fff849a0000 - 0x00007fff84a3a000 	C:\Windows\System32\msvcp_win.dll
0x00007fff86ef0000 - 0x00007fff86f22000 	C:\Windows\System32\IMM32.DLL
0x00007fff6ff70000 - 0x00007fff7000d000 	C:\Program Files\Android\Android Studio\jre\bin\msvcp140.dll
0x00007fff0ead0000 - 0x00007fff0f5d2000 	C:\Program Files\Android\Android Studio\jre\bin\server\jvm.dll
0x00007fff86de0000 - 0x00007fff86e8e000 	C:\Windows\System32\ADVAPI32.dll
0x00007fff86710000 - 0x00007fff867b4000 	C:\Windows\System32\sechost.dll
0x00007fff86310000 - 0x00007fff86425000 	C:\Windows\System32\RPCRT4.dll
0x00007fff87520000 - 0x00007fff87528000 	C:\Windows\System32\PSAPI.DLL
0x00007fff6f100000 - 0x00007fff6f109000 	C:\Windows\SYSTEM32\WSOCK32.dll
0x00007fff7de50000 - 0x00007fff7de5a000 	C:\Windows\SYSTEM32\VERSION.dll
0x00007fff7de10000 - 0x00007fff7de44000 	C:\Windows\SYSTEM32\WINMM.dll
0x00007fff873a0000 - 0x00007fff87411000 	C:\Windows\System32\WS2_32.dll
0x00007fff833d0000 - 0x00007fff833e8000 	C:\Windows\SYSTEM32\kernel.appcore.dll
0x00007fff5b750000 - 0x00007fff5b761000 	C:\Program Files\Android\Android Studio\jre\bin\verify.dll
0x00007fff84310000 - 0x00007fff8453e000 	C:\Windows\SYSTEM32\DBGHELP.DLL
0x00007fff86f50000 - 0x00007fff872da000 	C:\Windows\System32\combase.dll
0x00007fff86970000 - 0x00007fff86a47000 	C:\Windows\System32\OLEAUT32.dll
0x00007fff84180000 - 0x00007fff841b2000 	C:\Windows\SYSTEM32\dbgcore.DLL
0x00007fff852c0000 - 0x00007fff8533b000 	C:\Windows\System32\bcryptPrimitives.dll
0x00007fff58430000 - 0x00007fff58459000 	C:\Program Files\Android\Android Studio\jre\bin\java.dll
0x00007fff815a0000 - 0x00007fff815ab000 	C:\Program Files\Android\Android Studio\jre\bin\jimage.dll
0x00007fff58410000 - 0x00007fff58428000 	C:\Program Files\Android\Android Studio\jre\bin\zip.dll

dbghelp: loaded successfully - version: 4.0.5 - missing functions: none
symbol engine: initialized successfully - sym options: 0x614 - pdb path: .;C:\Program Files\Android\Android Studio\jre\bin;C:\Windows\SYSTEM32;C:\Windows\WinSxS\amd64_microsoft.windows.common-controls_6595b64144ccf1df_6.0.22621.608_none_a9444ca7c10bb01d;C:\Program Files\Android\Android Studio\jre\bin\server

VM Arguments:
java_command: org.jetbrains.kotlin.cli.jvm.K2JVMCompiler @C:\Users\Gevano Randhi Pilko\Downloads\Telegram Desktop\Cat Care Gallery\CatCare\app\build\20221210_15432765881287611227.compiler.options
java_class_path (initial): C:\Users\Gevano Randhi Pilko\.gradle\caches\modules-2\files-2.1\org.jetbrains.kotlin\kotlin-compiler-embeddable\1.7.10\909803167c98606fcf22b4c848647c68e351d48d\kotlin-compiler-embeddable-1.7.10.jar;C:\Users\Gevano Randhi Pilko\.gradle\caches\modules-2\files-2.1\org.jetbrains.kotlin\kotlin-reflect\1.7.10\165e600dfea6185cf5efa700756294cc4904dbeb\kotlin-reflect-1.7.10.jar;C:\Users\Gevano Randhi Pilko\.gradle\caches\modules-2\files-2.1\org.jetbrains.kotlin\kotlin-stdlib\1.7.10\d2abf9e77736acc4450dc4a3f707fa2c10f5099d\kotlin-stdlib-1.7.10.jar;C:\Users\Gevano Randhi Pilko\.gradle\caches\modules-2\files-2.1\org.jetbrains.kotlin\kotlin-script-runtime\1.7.10\c99c87a6988d8fd8d5142e9ed5c9f34a7cf561ee\kotlin-script-runtime-1.7.10.jar;C:\Users\Gevano Randhi Pilko\.gradle\caches\modules-2\files-2.1\org.jetbrains.kotlin\kotlin-daemon-embeddable\1.7.10\3a9f7aef7080d3ae63126cbba4f827ed664f32fa\kotlin-daemon-embeddable-1.7.10.jar;C:\Users\Gevano Randhi Pilko\.gradle\caches\modules-2\files-2.1\org.jetbrains.intellij.deps\trove4j\1.0.20200330\3afb14d5f9ceb459d724e907a21145e8ff394f02\trove4j-1.0.20200330.jar;C:\Users\Gevano Randhi Pilko\.gradle\caches\modules-2\files-2.1\net.java.dev.jna\jna\5.6.0\330f2244e9030119ab3030fc3fededc86713d9cc\jna-5.6.0.jar;C:\Users\Gevano Randhi Pilko\.gradle\caches\modules-2\files-2.1\org.jetbrains.kotlin\kotlin-stdlib-common\1.7.10\bac80c520d0a9e3f3673bc2658c6ed02ef45a76a\kotlin-stdlib-common-1.7.10.jar;C:\Users\Gevano Randhi Pilko\.gradle\caches\modules-2\files-2.1\org.jetbrains\annotations\13.0\919f0dfe192fb4e063e7dacadee7f8bb9a2672a9\annotations-13.0.jar
Launcher Type: SUN_STANDARD

[Global flags]
     intx CICompilerCount                          = 12                                        {product} {ergonomic}
     uint ConcGCThreads                            = 3                                         {product} {ergonomic}
     uint G1ConcRefinementThreads                  = 13                                        {product} {ergonomic}
   size_t G1HeapRegionSize                         = 1048576                                   {product} {ergonomic}
    uintx GCDrainStackTargetSize                   = 64                                        {product} {ergonomic}
   size_t InitialHeapSize                          = 266338304                                 {product} {ergonomic}
   size_t MarkStackSize                            = 4194304                                   {product} {ergonomic}
   size_t MaxHeapSize                              = 4253024256                                {product} {ergonomic}
   size_t MinHeapDeltaBytes                        = 1048576                                   {product} {ergonomic}
    uintx NonNMethodCodeHeapSize                   = 7594288                                {pd product} {ergonomic}
    uintx NonProfiledCodeHeapSize                  = 122031976                              {pd product} {ergonomic}
    uintx ProfiledCodeHeapSize                     = 122031976                              {pd product} {ergonomic}
    uintx ReservedCodeCacheSize                    = 251658240                              {pd product} {ergonomic}
     bool SegmentedCodeCache                       = true                                      {product} {ergonomic}
     bool UseCompressedClassPointers               = true                                 {lp64_product} {ergonomic}
     bool UseCompressedOops                        = true                                 {lp64_product} {ergonomic}
     bool UseG1GC                                  = true                                      {product} {ergonomic}
     bool UseLargePagesIndividualAllocation        = false                                  {pd product} {ergonomic}

Logging:
Log output configuration:
 #0: stdout all=warning uptime,level,tags
 #1: stderr all=off uptime,level,tags

Environment Variables:
JAVA_HOME=C:\Users\Gevano Randhi Pilko\.jdks\azul-19.0.1
PATH=C:\Program Files\Zulu\zulu-8\bin\;C:\Windows\system32;C:\Windows;C:\Windows\System32\Wbem;C:\Windows\System32\WindowsPowerShell\v1.0\;C:\Windows\System32\OpenSSH\;C:\Program Files\dotnet\;C:\Program Files (x86)\NVIDIA Corporation\PhysX\Common;C:\Program Files\NVIDIA Corporation\NVIDIA NvDLISR;C:\Program Files\Git\cmd;C:\gradle-6.6\bin;C:\Users\Gevano Randhi Pilko\AppData\Local\Microsoft\WindowsApps;C:\Users\Gevano Randhi Pilko\AppData\Local\Programs\Microsoft VS Code\bin;C:\adb;C:\Users\Gevano Randhi Pilko\AppData\Local\gitkraken\bin;C:\Users\Gevano Randhi Pilko\AppData\Local\GitHubDesktop\bin
USERNAME=Gevano Randhi Pilko
OS=Windows_NT
PROCESSOR_IDENTIFIER=Intel64 Family 6 Model 165 Stepping 2, GenuineIntel



---------------  S Y S T E M  ---------------

OS: Windows 11 , 64 bit Build 22621 (10.0.22621.755)
OS uptime: 3 days 9:35 hours

CPU:total 16 (initial active 16) (8 cores per cpu, 2 threads per core) family 6 model 165 stepping 2 microcode 0xe0, cmov, cx8, fxsr, mmx, sse, sse2, sse3, ssse3, sse4.1, sse4.2, popcnt, avx, avx2, aes, clmul, erms, 3dnowpref, lzcnt, ht, tsc, tscinvbit, bmi1, bmi2, adx, fma

Memory: 4k page, system-wide physical 16219M (556M free)
TotalPageFile size 41946M (AvailPageFile size 107M)
current process WorkingSet (physical memory assigned to process): 11M, peak: 11M
current process commit charge ("private bytes"): 71M, peak: 325M

vm_info: OpenJDK 64-Bit Server VM (11.0.13+0-b1751.21-8125866) for windows-amd64 JRE (11.0.13+0-b1751.21-8125866), built on Feb  2 2022 03:00:22 by "builder" with MS VC++ 14.0 (VS2015)

END.
